<?xml version="1.0" encoding="UTF-8"?>
<testsuite xmlns:xsi="http://www.w3.org/2001/XMLSchema-instance" xsi:noNamespaceSchemaLocation="https://maven.apache.org/surefire/maven-surefire-plugin/xsd/surefire-test-report.xsd" name="OnlineAccountTests" time="0" tests="6" errors="0" skipped="0" failures="0">
  <properties>
[...]
</properties>
  <testcase name="Area1Test1" classname="OnlineAccountTests" time="0"/>
  <testcase name="Area1Test2" classname="OnlineAccountTests" time="0"/>
  <testcase name="Area1Test3" classname="OnlineAccountTests" time="0"/>
  <testcase name="Area1Test4[1]" classname="OnlineAccountTests" time="0"/>
  <testcase name="Area1Test4[2]" classname="OnlineAccountTests" time="0"/>
  <testcase name="Area1Test5" classname="OnlineAccountTests" time="0"/>
</testsuite>