<?xml version="1.0" encoding="UTF-8"?>
<testsuite xmlns:xsi="http://www.w3.org/2001/XMLSchema-instance" xsi:noNamespaceSchemaLocation="https://maven.apache.org/surefire/maven-surefire-plugin/xsd/surefire-test-report.xsd" name="DemoBankingApp.PaymentTests" time="39.636" tests="33" errors="0" skipped="0" failures="0">
  <properties>
[...]
</properties>
  <testcase name="PaymentTest[1]" classname="DemoBankingApp.PaymentTests" time="1.188"/>
  <testcase name="PaymentTest[2]" classname="DemoBankingApp.PaymentTests" time="1.201"/>
  <testcase name="PaymentTest[3]" classname="DemoBankingApp.PaymentTests" time="1.201"/>
  <testcase name="PaymentTest[4]" classname="DemoBankingApp.PaymentTests" time="1.202"/>
  <testcase name="PaymentTest[5]" classname="DemoBankingApp.PaymentTests" time="1.202"/>
  <testcase name="PaymentTest[6]" classname="DemoBankingApp.PaymentTests" time="1.201"/>
  <testcase name="PaymentTest[7]" classname="DemoBankingApp.PaymentTests" time="1.201"/>
  <testcase name="PaymentTest[8]" classname="DemoBankingApp.PaymentTests" time="1.201"/>
  <testcase name="PaymentTest[9]" classname="DemoBankingApp.PaymentTests" time="1.201"/>
  <testcase name="PaymentTest[10]" classname="DemoBankingApp.PaymentTests" time="1.201"/>
  <testcase name="PaymentTest[11]" classname="DemoBankingApp.PaymentTests" time="1.204"/>
  <testcase name="PaymentTest[12]" classname="DemoBankingApp.PaymentTests" time="1.201"/>
  <testcase name="PaymentTest[13]" classname="DemoBankingApp.PaymentTests" time="1.201"/>
  <testcase name="PaymentTest[14]" classname="DemoBankingApp.PaymentTests" time="1.201"/>
  <testcase name="PaymentTest[15]" classname="DemoBankingApp.PaymentTests" time="1.202"/>
  <testcase name="PaymentTest[16]" classname="DemoBankingApp.PaymentTests" time="1.202"/>
  <testcase name="PaymentTest[17]" classname="DemoBankingApp.PaymentTests" time="1.201"/>
  <testcase name="PaymentTest[18]" classname="DemoBankingApp.PaymentTests" time="1.201"/>
  <testcase name="PaymentTest[19]" classname="DemoBankingApp.PaymentTests" time="1.201"/>
  <testcase name="PaymentTest[20]" classname="DemoBankingApp.PaymentTests" time="1.202"/>
  <testcase name="PaymentTest[21]" classname="DemoBankingApp.PaymentTests" time="1.201"/>
  <testcase name="PaymentTest[22]" classname="DemoBankingApp.PaymentTests" time="1.2"/>
  <testcase name="PaymentTest[23]" classname="DemoBankingApp.PaymentTests" time="1.201"/>
  <testcase name="PaymentTest[24]" classname="DemoBankingApp.PaymentTests" time="1.202"/>
  <testcase name="PaymentTest[25]" classname="DemoBankingApp.PaymentTests" time="1.201"/>
  <testcase name="PaymentTest[26]" classname="DemoBankingApp.PaymentTests" time="1.2"/>
  <testcase name="PaymentTest[27]" classname="DemoBankingApp.PaymentTests" time="1.201"/>
  <testcase name="PaymentTest[28]" classname="DemoBankingApp.PaymentTests" time="1.2"/>
  <testcase name="PaymentTest[29]" classname="DemoBankingApp.PaymentTests" time="1.201"/>
  <testcase name="PaymentTest[30]" classname="DemoBankingApp.PaymentTests" time="1.202"/>
  <testcase name="PaymentTest[31]" classname="DemoBankingApp.PaymentTests" time="1.203"/>
  <testcase name="PaymentTest[32]" classname="DemoBankingApp.PaymentTests" time="1.201"/>
  <testcase name="PaymentTest[33]" classname="DemoBankingApp.PaymentTests" time="1.2"/>
</testsuite>