<?xml version="1.0" encoding="UTF-8"?>
<testsuite xmlns:xsi="http://www.w3.org/2001/XMLSchema-instance" xsi:noNamespaceSchemaLocation="https://maven.apache.org/surefire/maven-surefire-plugin/xsd/surefire-test-report.xsd" name="DemoBankingApp.ChequeProcessingTests" time="19.011" tests="63" errors="0" skipped="0" failures="0">
  <properties>
[...]
</properties>
  <testcase name="ChequeProcessingTest[1]" classname="DemoBankingApp.ChequeProcessingTests" time="0.294"/>
  <testcase name="ChequeProcessingTest[2]" classname="DemoBankingApp.ChequeProcessingTests" time="0.303"/>
  <testcase name="ChequeProcessingTest[3]" classname="DemoBankingApp.ChequeProcessingTests" time="0.301"/>
  <testcase name="ChequeProcessingTest[4]" classname="DemoBankingApp.ChequeProcessingTests" time="0.301"/>
  <testcase name="ChequeProcessingTest[5]" classname="DemoBankingApp.ChequeProcessingTests" time="0.302"/>
  <testcase name="ChequeProcessingTest[6]" classname="DemoBankingApp.ChequeProcessingTests" time="0.301"/>
  <testcase name="ChequeProcessingTest[7]" classname="DemoBankingApp.ChequeProcessingTests" time="0.301"/>
  <testcase name="ChequeProcessingTest[8]" classname="DemoBankingApp.ChequeProcessingTests" time="0.3"/>
  <testcase name="ChequeProcessingTest[9]" classname="DemoBankingApp.ChequeProcessingTests" time="0.301"/>
  <testcase name="ChequeProcessingTest[10]" classname="DemoBankingApp.ChequeProcessingTests" time="0.3"/>
  <testcase name="ChequeProcessingTest[11]" classname="DemoBankingApp.ChequeProcessingTests" time="0.302"/>
  <testcase name="ChequeProcessingTest[12]" classname="DemoBankingApp.ChequeProcessingTests" time="0.302"/>
  <testcase name="ChequeProcessingTest[13]" classname="DemoBankingApp.ChequeProcessingTests" time="0.302"/>
  <testcase name="ChequeProcessingTest[14]" classname="DemoBankingApp.ChequeProcessingTests" time="0.3"/>
  <testcase name="ChequeProcessingTest[15]" classname="DemoBankingApp.ChequeProcessingTests" time="0.301"/>
  <testcase name="ChequeProcessingTest[16]" classname="DemoBankingApp.ChequeProcessingTests" time="0.303"/>
  <testcase name="ChequeProcessingTest[17]" classname="DemoBankingApp.ChequeProcessingTests" time="0.302"/>
  <testcase name="ChequeProcessingTest[18]" classname="DemoBankingApp.ChequeProcessingTests" time="0.301"/>
  <testcase name="ChequeProcessingTest[19]" classname="DemoBankingApp.ChequeProcessingTests" time="0.301"/>
  <testcase name="ChequeProcessingTest[20]" classname="DemoBankingApp.ChequeProcessingTests" time="0.301"/>
  <testcase name="ChequeProcessingTest[21]" classname="DemoBankingApp.ChequeProcessingTests" time="0.301"/>
  <testcase name="ChequeProcessingTest[22]" classname="DemoBankingApp.ChequeProcessingTests" time="0.303"/>
  <testcase name="ChequeProcessingTest[23]" classname="DemoBankingApp.ChequeProcessingTests" time="0.303"/>
  <testcase name="ChequeProcessingTest[24]" classname="DemoBankingApp.ChequeProcessingTests" time="0.301"/>
  <testcase name="ChequeProcessingTest[25]" classname="DemoBankingApp.ChequeProcessingTests" time="0.3"/>
  <testcase name="ChequeProcessingTest[26]" classname="DemoBankingApp.ChequeProcessingTests" time="0.301"/>
  <testcase name="ChequeProcessingTest[27]" classname="DemoBankingApp.ChequeProcessingTests" time="0.303"/>
  <testcase name="ChequeProcessingTest[28]" classname="DemoBankingApp.ChequeProcessingTests" time="0.3"/>
  <testcase name="ChequeProcessingTest[29]" classname="DemoBankingApp.ChequeProcessingTests" time="0.301"/>
  <testcase name="ChequeProcessingTest[30]" classname="DemoBankingApp.ChequeProcessingTests" time="0.301"/>
  <testcase name="ChequeProcessingTest[31]" classname="DemoBankingApp.ChequeProcessingTests" time="0.303"/>
  <testcase name="ChequeProcessingTest[32]" classname="DemoBankingApp.ChequeProcessingTests" time="0.3"/>
  <testcase name="ChequeProcessingTest[33]" classname="DemoBankingApp.ChequeProcessingTests" time="0.301"/>
  <testcase name="ChequeProcessingTest[34]" classname="DemoBankingApp.ChequeProcessingTests" time="0.302"/>
  <testcase name="ChequeProcessingTest[35]" classname="DemoBankingApp.ChequeProcessingTests" time="0.302"/>
  <testcase name="ChequeProcessingTest[36]" classname="DemoBankingApp.ChequeProcessingTests" time="0.303"/>
  <testcase name="ChequeProcessingTest[37]" classname="DemoBankingApp.ChequeProcessingTests" time="0.3"/>
  <testcase name="ChequeProcessingTest[38]" classname="DemoBankingApp.ChequeProcessingTests" time="0.301"/>
  <testcase name="ChequeProcessingTest[39]" classname="DemoBankingApp.ChequeProcessingTests" time="0.301"/>
  <testcase name="ChequeProcessingTest[40]" classname="DemoBankingApp.ChequeProcessingTests" time="0.301"/>
  <testcase name="ChequeProcessingTest[41]" classname="DemoBankingApp.ChequeProcessingTests" time="0.301"/>
  <testcase name="ChequeProcessingTest[42]" classname="DemoBankingApp.ChequeProcessingTests" time="0.301"/>
  <testcase name="ChequeProcessingTest[43]" classname="DemoBankingApp.ChequeProcessingTests" time="0.303"/>
  <testcase name="ChequeProcessingTest[44]" classname="DemoBankingApp.ChequeProcessingTests" time="0.301"/>
  <testcase name="ChequeProcessingTest[45]" classname="DemoBankingApp.ChequeProcessingTests" time="0.3"/>
  <testcase name="ChequeProcessingTest[46]" classname="DemoBankingApp.ChequeProcessingTests" time="0.303"/>
  <testcase name="ChequeProcessingTest[47]" classname="DemoBankingApp.ChequeProcessingTests" time="0.301"/>
  <testcase name="ChequeProcessingTest[48]" classname="DemoBankingApp.ChequeProcessingTests" time="0.302"/>
  <testcase name="ChequeProcessingTest[49]" classname="DemoBankingApp.ChequeProcessingTests" time="0.302"/>
  <testcase name="ChequeProcessingTest[50]" classname="DemoBankingApp.ChequeProcessingTests" time="0.302"/>
  <testcase name="ChequeProcessingTest[51]" classname="DemoBankingApp.ChequeProcessingTests" time="0.301"/>
  <testcase name="ChequeProcessingTest[52]" classname="DemoBankingApp.ChequeProcessingTests" time="0.301"/>
  <testcase name="ChequeProcessingTest[53]" classname="DemoBankingApp.ChequeProcessingTests" time="0.301"/>
  <testcase name="ChequeProcessingTest[54]" classname="DemoBankingApp.ChequeProcessingTests" time="0.302"/>
  <testcase name="ChequeProcessingTest[55]" classname="DemoBankingApp.ChequeProcessingTests" time="0.3"/>
  <testcase name="ChequeProcessingTest[56]" classname="DemoBankingApp.ChequeProcessingTests" time="0.301"/>
  <testcase name="ChequeProcessingTestDummyFive" classname="DemoBankingApp.ChequeProcessingTests" time="0.302"/>
  <testcase name="ChequeProcessingTestDummyFour" classname="DemoBankingApp.ChequeProcessingTests" time="0.301"/>
  <testcase name="ChequeProcessingTestDummySeven" classname="DemoBankingApp.ChequeProcessingTests" time="0.302"/>
  <testcase name="ChequeProcessingTestDummyThree" classname="DemoBankingApp.ChequeProcessingTests" time="0.301"/>
  <testcase name="ChequeProcessingTestDummyOne" classname="DemoBankingApp.ChequeProcessingTests" time="0.302"/>
  <testcase name="ChequeProcessingTestDummySix" classname="DemoBankingApp.ChequeProcessingTests" time="0.302"/>
  <testcase name="ChequeProcessingTestDummyTwo" classname="DemoBankingApp.ChequeProcessingTests" time="0.301"/>
</testsuite>