<?xml version="1.0" encoding="UTF-8"?>
<testsuite xmlns:xsi="http://www.w3.org/2001/XMLSchema-instance" xsi:noNamespaceSchemaLocation="https://maven.apache.org/surefire/maven-surefire-plugin/xsd/surefire-test-report.xsd" name="DemoBankingApp.SavingsAccountTests" time="36.073" tests="48" errors="0" skipped="0" failures="0">
  <properties>
[...]
</properties>
  <testcase name="SavingsAccountTestDummyFive" classname="DemoBankingApp.SavingsAccountTests" time="0.737"/>
  <testcase name="SavingsAccountTestDummyFour" classname="DemoBankingApp.SavingsAccountTests" time="0.752"/>
  <testcase name="SavingsAccountTestDummySeven" classname="DemoBankingApp.SavingsAccountTests" time="0.752"/>
  <testcase name="SavingsAccountTestDummyThree" classname="DemoBankingApp.SavingsAccountTests" time="0.751"/>
  <testcase name="SavingsAccountTest[1]" classname="DemoBankingApp.SavingsAccountTests" time="0.751"/>
  <testcase name="SavingsAccountTest[2]" classname="DemoBankingApp.SavingsAccountTests" time="0.75"/>
  <testcase name="SavingsAccountTest[3]" classname="DemoBankingApp.SavingsAccountTests" time="0.751"/>
  <testcase name="SavingsAccountTest[4]" classname="DemoBankingApp.SavingsAccountTests" time="0.752"/>
  <testcase name="SavingsAccountTest[5]" classname="DemoBankingApp.SavingsAccountTests" time="0.751"/>
  <testcase name="SavingsAccountTest[6]" classname="DemoBankingApp.SavingsAccountTests" time="0.751"/>
  <testcase name="SavingsAccountTest[7]" classname="DemoBankingApp.SavingsAccountTests" time="0.753"/>
  <testcase name="SavingsAccountTest[8]" classname="DemoBankingApp.SavingsAccountTests" time="0.751"/>
  <testcase name="SavingsAccountTest[9]" classname="DemoBankingApp.SavingsAccountTests" time="0.751"/>
  <testcase name="SavingsAccountTest[10]" classname="DemoBankingApp.SavingsAccountTests" time="0.752"/>
  <testcase name="SavingsAccountTest[11]" classname="DemoBankingApp.SavingsAccountTests" time="0.754"/>
  <testcase name="SavingsAccountTest[12]" classname="DemoBankingApp.SavingsAccountTests" time="0.752"/>
  <testcase name="SavingsAccountTest[13]" classname="DemoBankingApp.SavingsAccountTests" time="0.751"/>
  <testcase name="SavingsAccountTest[14]" classname="DemoBankingApp.SavingsAccountTests" time="0.751"/>
  <testcase name="SavingsAccountTest[15]" classname="DemoBankingApp.SavingsAccountTests" time="0.751"/>
  <testcase name="SavingsAccountTest[16]" classname="DemoBankingApp.SavingsAccountTests" time="0.753"/>
  <testcase name="SavingsAccountTest[17]" classname="DemoBankingApp.SavingsAccountTests" time="0.753"/>
  <testcase name="SavingsAccountTest[18]" classname="DemoBankingApp.SavingsAccountTests" time="0.753"/>
  <testcase name="SavingsAccountTest[19]" classname="DemoBankingApp.SavingsAccountTests" time="0.754"/>
  <testcase name="SavingsAccountTest[20]" classname="DemoBankingApp.SavingsAccountTests" time="0.75"/>
  <testcase name="SavingsAccountTest[21]" classname="DemoBankingApp.SavingsAccountTests" time="0.752"/>
  <testcase name="SavingsAccountTest[22]" classname="DemoBankingApp.SavingsAccountTests" time="0.752"/>
  <testcase name="SavingsAccountTest[23]" classname="DemoBankingApp.SavingsAccountTests" time="0.753"/>
  <testcase name="SavingsAccountTest[24]" classname="DemoBankingApp.SavingsAccountTests" time="0.751"/>
  <testcase name="SavingsAccountTest[25]" classname="DemoBankingApp.SavingsAccountTests" time="0.751"/>
  <testcase name="SavingsAccountTest[26]" classname="DemoBankingApp.SavingsAccountTests" time="0.751"/>
  <testcase name="SavingsAccountTest[27]" classname="DemoBankingApp.SavingsAccountTests" time="0.751"/>
  <testcase name="SavingsAccountTest[28]" classname="DemoBankingApp.SavingsAccountTests" time="0.752"/>
  <testcase name="SavingsAccountTest[29]" classname="DemoBankingApp.SavingsAccountTests" time="0.754"/>
  <testcase name="SavingsAccountTest[30]" classname="DemoBankingApp.SavingsAccountTests" time="0.752"/>
  <testcase name="SavingsAccountTest[31]" classname="DemoBankingApp.SavingsAccountTests" time="0.751"/>
  <testcase name="SavingsAccountTest[32]" classname="DemoBankingApp.SavingsAccountTests" time="0.751"/>
  <testcase name="SavingsAccountTest[33]" classname="DemoBankingApp.SavingsAccountTests" time="0.753"/>
  <testcase name="SavingsAccountTest[34]" classname="DemoBankingApp.SavingsAccountTests" time="0.753"/>
  <testcase name="SavingsAccountTest[35]" classname="DemoBankingApp.SavingsAccountTests" time="0.75"/>
  <testcase name="SavingsAccountTest[36]" classname="DemoBankingApp.SavingsAccountTests" time="0.751"/>
  <testcase name="SavingsAccountTest[37]" classname="DemoBankingApp.SavingsAccountTests" time="0.751"/>
  <testcase name="SavingsAccountTest[38]" classname="DemoBankingApp.SavingsAccountTests" time="0.751"/>
  <testcase name="SavingsAccountTest[39]" classname="DemoBankingApp.SavingsAccountTests" time="0.752"/>
  <testcase name="SavingsAccountTest[40]" classname="DemoBankingApp.SavingsAccountTests" time="0.752"/>
  <testcase name="SavingsAccountTest[41]" classname="DemoBankingApp.SavingsAccountTests" time="0.751"/>
  <testcase name="SavingsAccountTestDummyOne" classname="DemoBankingApp.SavingsAccountTests" time="0.751"/>
  <testcase name="SavingsAccountTestDummySix" classname="DemoBankingApp.SavingsAccountTests" time="0.751"/>
  <testcase name="SavingsAccountTestDummyTwo" classname="DemoBankingApp.SavingsAccountTests" time="0.754"/>
</testsuite>