<?xml version="1.0" encoding="UTF-8"?>
<testsuite xmlns:xsi="http://www.w3.org/2001/XMLSchema-instance" xsi:noNamespaceSchemaLocation="https://maven.apache.org/surefire/maven-surefire-plugin/xsd/surefire-test-report.xsd" name="DemoBankingApp.TransfersTests" time="85.906" tests="78" errors="0" skipped="0" failures="0">
  <properties>
[...]
</properties>
  <testcase name="TransfersTestDummyOne" classname="DemoBankingApp.TransfersTests" time="1.092"/>
  <testcase name="TransfersTestDummySix" classname="DemoBankingApp.TransfersTests" time="1.101"/>
  <testcase name="TransfersTestDummyTwo" classname="DemoBankingApp.TransfersTests" time="1.102"/>
  <testcase name="TransfersTest[1]" classname="DemoBankingApp.TransfersTests" time="1.101"/>
  <testcase name="TransfersTest[2]" classname="DemoBankingApp.TransfersTests" time="1.101"/>
  <testcase name="TransfersTest[3]" classname="DemoBankingApp.TransfersTests" time="1.102"/>
  <testcase name="TransfersTest[4]" classname="DemoBankingApp.TransfersTests" time="1.101"/>
  <testcase name="TransfersTest[5]" classname="DemoBankingApp.TransfersTests" time="1.101"/>
  <testcase name="TransfersTest[6]" classname="DemoBankingApp.TransfersTests" time="1.101"/>
  <testcase name="TransfersTest[7]" classname="DemoBankingApp.TransfersTests" time="1.101"/>
  <testcase name="TransfersTest[8]" classname="DemoBankingApp.TransfersTests" time="1.102"/>
  <testcase name="TransfersTest[9]" classname="DemoBankingApp.TransfersTests" time="1.101"/>
  <testcase name="TransfersTest[10]" classname="DemoBankingApp.TransfersTests" time="1.101"/>
  <testcase name="TransfersTest[11]" classname="DemoBankingApp.TransfersTests" time="1.102"/>
  <testcase name="TransfersTest[12]" classname="DemoBankingApp.TransfersTests" time="1.102"/>
  <testcase name="TransfersTest[13]" classname="DemoBankingApp.TransfersTests" time="1.101"/>
  <testcase name="TransfersTest[14]" classname="DemoBankingApp.TransfersTests" time="1.101"/>
  <testcase name="TransfersTest[15]" classname="DemoBankingApp.TransfersTests" time="1.102"/>
  <testcase name="TransfersTest[16]" classname="DemoBankingApp.TransfersTests" time="1.102"/>
  <testcase name="TransfersTest[17]" classname="DemoBankingApp.TransfersTests" time="1.101"/>
  <testcase name="TransfersTest[18]" classname="DemoBankingApp.TransfersTests" time="1.101"/>
  <testcase name="TransfersTest[19]" classname="DemoBankingApp.TransfersTests" time="1.102"/>
  <testcase name="TransfersTest[20]" classname="DemoBankingApp.TransfersTests" time="1.101"/>
  <testcase name="TransfersTest[21]" classname="DemoBankingApp.TransfersTests" time="1.102"/>
  <testcase name="TransfersTest[22]" classname="DemoBankingApp.TransfersTests" time="1.101"/>
  <testcase name="TransfersTest[23]" classname="DemoBankingApp.TransfersTests" time="1.101"/>
  <testcase name="TransfersTest[24]" classname="DemoBankingApp.TransfersTests" time="1.101"/>
  <testcase name="TransfersTest[25]" classname="DemoBankingApp.TransfersTests" time="1.101"/>
  <testcase name="TransfersTest[26]" classname="DemoBankingApp.TransfersTests" time="1.102"/>
  <testcase name="TransfersTest[27]" classname="DemoBankingApp.TransfersTests" time="1.101"/>
  <testcase name="TransfersTest[28]" classname="DemoBankingApp.TransfersTests" time="1.101"/>
  <testcase name="TransfersTest[29]" classname="DemoBankingApp.TransfersTests" time="1.103"/>
  <testcase name="TransfersTest[30]" classname="DemoBankingApp.TransfersTests" time="1.101"/>
  <testcase name="TransfersTest[31]" classname="DemoBankingApp.TransfersTests" time="1.101"/>
  <testcase name="TransfersTest[32]" classname="DemoBankingApp.TransfersTests" time="1.103"/>
  <testcase name="TransfersTest[33]" classname="DemoBankingApp.TransfersTests" time="1.101"/>
  <testcase name="TransfersTest[34]" classname="DemoBankingApp.TransfersTests" time="1.101"/>
  <testcase name="TransfersTest[35]" classname="DemoBankingApp.TransfersTests" time="1.101"/>
  <testcase name="TransfersTest[36]" classname="DemoBankingApp.TransfersTests" time="1.101"/>
  <testcase name="TransfersTest[37]" classname="DemoBankingApp.TransfersTests" time="1.101"/>
  <testcase name="TransfersTest[38]" classname="DemoBankingApp.TransfersTests" time="1.102"/>
  <testcase name="TransfersTest[39]" classname="DemoBankingApp.TransfersTests" time="1.101"/>
  <testcase name="TransfersTest[40]" classname="DemoBankingApp.TransfersTests" time="1.102"/>
  <testcase name="TransfersTest[41]" classname="DemoBankingApp.TransfersTests" time="1.102"/>
  <testcase name="TransfersTest[42]" classname="DemoBankingApp.TransfersTests" time="1.101"/>
  <testcase name="TransfersTest[43]" classname="DemoBankingApp.TransfersTests" time="1.101"/>
  <testcase name="TransfersTest[44]" classname="DemoBankingApp.TransfersTests" time="1.101"/>
  <testcase name="TransfersTest[45]" classname="DemoBankingApp.TransfersTests" time="1.101"/>
  <testcase name="TransfersTest[46]" classname="DemoBankingApp.TransfersTests" time="1.103"/>
  <testcase name="TransfersTest[47]" classname="DemoBankingApp.TransfersTests" time="1.1"/>
  <testcase name="TransfersTest[48]" classname="DemoBankingApp.TransfersTests" time="1.104"/>
  <testcase name="TransfersTest[49]" classname="DemoBankingApp.TransfersTests" time="1.101"/>
  <testcase name="TransfersTest[50]" classname="DemoBankingApp.TransfersTests" time="1.101"/>
  <testcase name="TransfersTest[51]" classname="DemoBankingApp.TransfersTests" time="1.101"/>
  <testcase name="TransfersTest[52]" classname="DemoBankingApp.TransfersTests" time="1.101"/>
  <testcase name="TransfersTest[53]" classname="DemoBankingApp.TransfersTests" time="1.101"/>
  <testcase name="TransfersTest[54]" classname="DemoBankingApp.TransfersTests" time="1.103"/>
  <testcase name="TransfersTest[55]" classname="DemoBankingApp.TransfersTests" time="1.1"/>
  <testcase name="TransfersTest[56]" classname="DemoBankingApp.TransfersTests" time="1.103"/>
  <testcase name="TransfersTest[57]" classname="DemoBankingApp.TransfersTests" time="1.102"/>
  <testcase name="TransfersTest[58]" classname="DemoBankingApp.TransfersTests" time="1.102"/>
  <testcase name="TransfersTest[59]" classname="DemoBankingApp.TransfersTests" time="1.102"/>
  <testcase name="TransfersTest[60]" classname="DemoBankingApp.TransfersTests" time="1.102"/>
  <testcase name="TransfersTest[61]" classname="DemoBankingApp.TransfersTests" time="1.101"/>
  <testcase name="TransfersTest[62]" classname="DemoBankingApp.TransfersTests" time="1.101"/>
  <testcase name="TransfersTest[63]" classname="DemoBankingApp.TransfersTests" time="1.101"/>
  <testcase name="TransfersTest[64]" classname="DemoBankingApp.TransfersTests" time="1.101"/>
  <testcase name="TransfersTest[65]" classname="DemoBankingApp.TransfersTests" time="1.102"/>
  <testcase name="TransfersTest[66]" classname="DemoBankingApp.TransfersTests" time="1.101"/>
  <testcase name="TransfersTest[67]" classname="DemoBankingApp.TransfersTests" time="1.101"/>
  <testcase name="TransfersTest[68]" classname="DemoBankingApp.TransfersTests" time="1.101"/>
  <testcase name="TransfersTest[69]" classname="DemoBankingApp.TransfersTests" time="1.101"/>
  <testcase name="TransfersTest[70]" classname="DemoBankingApp.TransfersTests" time="1.101"/>
  <testcase name="TransfersTest[71]" classname="DemoBankingApp.TransfersTests" time="1.102"/>
  <testcase name="TransfersTestDummyFive" classname="DemoBankingApp.TransfersTests" time="1.103"/>
  <testcase name="TransfersTestDummyFour" classname="DemoBankingApp.TransfersTests" time="1.101"/>
  <testcase name="TransfersTestDummySeven" classname="DemoBankingApp.TransfersTests" time="1.1"/>
  <testcase name="TransfersTestDummyThree" classname="DemoBankingApp.TransfersTests" time="1.101"/>
</testsuite>