<?xml version="1.0" encoding="UTF-8"?>
<testsuite xmlns:xsi="http://www.w3.org/2001/XMLSchema-instance" xsi:noNamespaceSchemaLocation="https://maven.apache.org/surefire/maven-surefire-plugin/xsd/surefire-test-report.xsd" name="DemoBankingApp.CreditCardInterestTests" time="77.072" tests="44" errors="0" skipped="0" failures="0">
  <properties>
[...]
</properties>
  <testcase name="CreditCardInterestRatesTestDummySeven" classname="DemoBankingApp.CreditCardInterestTests" time="1.746"/>
  <testcase name="CreditCardInterestRatesTestDummyThree" classname="DemoBankingApp.CreditCardInterestTests" time="1.751"/>
  <testcase name="CreditCardInterestRatesTestDummyFive" classname="DemoBankingApp.CreditCardInterestTests" time="1.751"/>
  <testcase name="CreditCardInterestRatesTestDummyFour" classname="DemoBankingApp.CreditCardInterestTests" time="1.752"/>
  <testcase name="CreditCardInterestRatesTestDummyOne" classname="DemoBankingApp.CreditCardInterestTests" time="1.75"/>
  <testcase name="CreditCardInterestRatesTestDummySix" classname="DemoBankingApp.CreditCardInterestTests" time="1.758"/>
  <testcase name="CreditCardInterestRatesTestDummyTwo" classname="DemoBankingApp.CreditCardInterestTests" time="1.751"/>
  <testcase name="CreditCardInterestRatesTest[1]" classname="DemoBankingApp.CreditCardInterestTests" time="1.751"/>
  <testcase name="CreditCardInterestRatesTest[2]" classname="DemoBankingApp.CreditCardInterestTests" time="1.752"/>
  <testcase name="CreditCardInterestRatesTest[3]" classname="DemoBankingApp.CreditCardInterestTests" time="1.752"/>
  <testcase name="CreditCardInterestRatesTest[4]" classname="DemoBankingApp.CreditCardInterestTests" time="1.75"/>
  <testcase name="CreditCardInterestRatesTest[5]" classname="DemoBankingApp.CreditCardInterestTests" time="1.752"/>
  <testcase name="CreditCardInterestRatesTest[6]" classname="DemoBankingApp.CreditCardInterestTests" time="1.752"/>
  <testcase name="CreditCardInterestRatesTest[7]" classname="DemoBankingApp.CreditCardInterestTests" time="1.751"/>
  <testcase name="CreditCardInterestRatesTest[8]" classname="DemoBankingApp.CreditCardInterestTests" time="1.752"/>
  <testcase name="CreditCardInterestRatesTest[9]" classname="DemoBankingApp.CreditCardInterestTests" time="1.751"/>
  <testcase name="CreditCardInterestRatesTest[10]" classname="DemoBankingApp.CreditCardInterestTests" time="1.753"/>
  <testcase name="CreditCardInterestRatesTest[11]" classname="DemoBankingApp.CreditCardInterestTests" time="1.751"/>
  <testcase name="CreditCardInterestRatesTest[12]" classname="DemoBankingApp.CreditCardInterestTests" time="1.751"/>
  <testcase name="CreditCardInterestRatesTest[13]" classname="DemoBankingApp.CreditCardInterestTests" time="1.75"/>
  <testcase name="CreditCardInterestRatesTest[14]" classname="DemoBankingApp.CreditCardInterestTests" time="1.753"/>
  <testcase name="CreditCardInterestRatesTest[15]" classname="DemoBankingApp.CreditCardInterestTests" time="1.751"/>
  <testcase name="CreditCardInterestRatesTest[16]" classname="DemoBankingApp.CreditCardInterestTests" time="1.751"/>
  <testcase name="CreditCardInterestRatesTest[17]" classname="DemoBankingApp.CreditCardInterestTests" time="1.751"/>
  <testcase name="CreditCardInterestRatesTest[18]" classname="DemoBankingApp.CreditCardInterestTests" time="1.751"/>
  <testcase name="CreditCardInterestRatesTest[19]" classname="DemoBankingApp.CreditCardInterestTests" time="1.752"/>
  <testcase name="CreditCardInterestRatesTest[20]" classname="DemoBankingApp.CreditCardInterestTests" time="1.75"/>
  <testcase name="CreditCardInterestRatesTest[21]" classname="DemoBankingApp.CreditCardInterestTests" time="1.753"/>
  <testcase name="CreditCardInterestRatesTest[22]" classname="DemoBankingApp.CreditCardInterestTests" time="1.752"/>
  <testcase name="CreditCardInterestRatesTest[23]" classname="DemoBankingApp.CreditCardInterestTests" time="1.751"/>
  <testcase name="CreditCardInterestRatesTest[24]" classname="DemoBankingApp.CreditCardInterestTests" time="1.751"/>
  <testcase name="CreditCardInterestRatesTest[25]" classname="DemoBankingApp.CreditCardInterestTests" time="1.753"/>
  <testcase name="CreditCardInterestRatesTest[26]" classname="DemoBankingApp.CreditCardInterestTests" time="1.751"/>
  <testcase name="CreditCardInterestRatesTest[27]" classname="DemoBankingApp.CreditCardInterestTests" time="1.751"/>
  <testcase name="CreditCardInterestRatesTest[28]" classname="DemoBankingApp.CreditCardInterestTests" time="1.751"/>
  <testcase name="CreditCardInterestRatesTest[29]" classname="DemoBankingApp.CreditCardInterestTests" time="1.753"/>
  <testcase name="CreditCardInterestRatesTest[30]" classname="DemoBankingApp.CreditCardInterestTests" time="1.75"/>
  <testcase name="CreditCardInterestRatesTest[31]" classname="DemoBankingApp.CreditCardInterestTests" time="1.752"/>
  <testcase name="CreditCardInterestRatesTest[32]" classname="DemoBankingApp.CreditCardInterestTests" time="1.751"/>
  <testcase name="CreditCardInterestRatesTest[33]" classname="DemoBankingApp.CreditCardInterestTests" time="1.75"/>
  <testcase name="CreditCardInterestRatesTest[34]" classname="DemoBankingApp.CreditCardInterestTests" time="1.753"/>
  <testcase name="CreditCardInterestRatesTest[35]" classname="DemoBankingApp.CreditCardInterestTests" time="1.752"/>
  <testcase name="CreditCardInterestRatesTest[36]" classname="DemoBankingApp.CreditCardInterestTests" time="1.752"/>
  <testcase name="CreditCardInterestRatesTest[37]" classname="DemoBankingApp.CreditCardInterestTests" time="1.752"/>
</testsuite>