<?xml version="1.0" encoding="UTF-8"?>
<testsuite xmlns:xsi="http://www.w3.org/2001/XMLSchema-instance" xsi:noNamespaceSchemaLocation="https://maven.apache.org/surefire/maven-surefire-plugin/xsd/surefire-test-report.xsd" name="DemoBankingApp.WirePaymentTests" time="4.505" tests="6" errors="0" skipped="0" failures="0">
  <properties>
[...]
</properties>
  <testcase name="WirePaymentTest[1]" classname="DemoBankingApp.WirePaymentTests" time="0.744"/>
  <testcase name="WirePaymentTest[2]" classname="DemoBankingApp.WirePaymentTests" time="0.752"/>
  <testcase name="WirePaymentTest[3]" classname="DemoBankingApp.WirePaymentTests" time="0.752"/>
  <testcase name="WirePaymentTest[4]" classname="DemoBankingApp.WirePaymentTests" time="0.752"/>
  <testcase name="WirePaymentTest[5]" classname="DemoBankingApp.WirePaymentTests" time="0.75"/>
  <testcase name="WirePaymentTest[6]" classname="DemoBankingApp.WirePaymentTests" time="0.751"/>
</testsuite>