<?xml version="1.0" encoding="UTF-8"?>
<testsuite xmlns:xsi="http://www.w3.org/2001/XMLSchema-instance" xsi:noNamespaceSchemaLocation="https://maven.apache.org/surefire/maven-surefire-plugin/xsd/surefire-test-report.xsd" name="DemoBankingApp.LoginTests" time="7.907" tests="7" errors="0" skipped="0" failures="0">
  <properties>
[...]
</properties>
  <testcase name="LoginTestDummyOne" classname="DemoBankingApp.LoginTests" time="1.131"/>
  <testcase name="LoginTestDummySix" classname="DemoBankingApp.LoginTests" time="1.125"/>
  <testcase name="LoginTestDummyTwo" classname="DemoBankingApp.LoginTests" time="1.127"/>
  <testcase name="LoginTestDummyFive" classname="DemoBankingApp.LoginTests" time="1.128"/>
  <testcase name="LoginTestDummyFour" classname="DemoBankingApp.LoginTests" time="1.129"/>
  <testcase name="LoginTestDummySeven" classname="DemoBankingApp.LoginTests" time="1.126"/>
  <testcase name="LoginTestDummyThree" classname="DemoBankingApp.LoginTests" time="1.128"/>
</testsuite>